<?xml version="1.0" encoding="UTF-8"?>
<!-- Generated by org.testng.reporters.JUnitReportReporter -->
<testsuite hostname="NITISH" failures="0" tests="1" name="com.appium.Tests.FirstLoginTest" time="26.810" errors="0" timestamp="2022-12-11T21:00:42 IST" skipped="0">
  <testcase classname="com.appium.Tests.FirstLoginTest" name="Test1" time="26.810"/>
  <system-out/>
</testsuite> <!-- com.appium.Tests.FirstLoginTest -->
