<?xml version="1.0" encoding="UTF-8"?>
<!-- Generated by org.testng.reporters.JUnitReportReporter -->
<testsuite hostname="NITISH" failures="0" tests="1" name="com.appium.Tests.HorizentalScrolling" time="12.828" errors="0" timestamp="2022-12-02T21:02:53 IST" skipped="0">
  <testcase classname="com.appium.Tests.HorizentalScrolling" name="Horizontal" time="12.828"/>
  <system-out/>
</testsuite> <!-- com.appium.Tests.HorizentalScrolling -->
